matched gt_box数量:14925
all gbox数量:20423
matched gbox数量:14925
============================================================
feature_name: early_conf_mean
feature sign: -1
/home/mml/workspace/data_debugging/yolov7/ours/discussion/features/box_features.py:132: MatplotlibDeprecationWarning: The 'labels' parameter of boxplot() has been renamed 'tick_labels' since Matplotlib 3.9; support for the old name will be dropped in 3.11.
  ax1.boxplot([correct_list, error_list], labels=['correct', 'error'])
Mann-Whitney U检验：U值=82771680.000, p值=0.000
效应量r：0.706
============================================================
feature_name: early_iou_mean
feature sign: -1
/home/mml/workspace/data_debugging/yolov7/ours/discussion/features/box_features.py:132: MatplotlibDeprecationWarning: The 'labels' parameter of boxplot() has been renamed 'tick_labels' since Matplotlib 3.9; support for the old name will be dropped in 3.11.
  ax1.boxplot([correct_list, error_list], labels=['correct', 'error'])
Mann-Whitney U检验：U值=83013401.000, p值=0.000
效应量r：0.711
============================================================
feature_name: lastly_conf_mean
feature sign: -1
/home/mml/workspace/data_debugging/yolov7/ours/discussion/features/box_features.py:132: MatplotlibDeprecationWarning: The 'labels' parameter of boxplot() has been renamed 'tick_labels' since Matplotlib 3.9; support for the old name will be dropped in 3.11.
  ax1.boxplot([correct_list, error_list], labels=['correct', 'error'])
Mann-Whitney U检验：U值=84552863.000, p值=0.000
效应量r：0.739
============================================================
feature_name: lastly_iou_mean
feature sign: -1
/home/mml/workspace/data_debugging/yolov7/ours/discussion/features/box_features.py:132: MatplotlibDeprecationWarning: The 'labels' parameter of boxplot() has been renamed 'tick_labels' since Matplotlib 3.9; support for the old name will be dropped in 3.11.
  ax1.boxplot([correct_list, error_list], labels=['correct', 'error'])
Mann-Whitney U检验：U值=84585973.000, p值=0.000
效应量r：0.739
============================================================
feature_name: conf_mean
feature sign: -1
/home/mml/workspace/data_debugging/yolov7/ours/discussion/features/box_features.py:132: MatplotlibDeprecationWarning: The 'labels' parameter of boxplot() has been renamed 'tick_labels' since Matplotlib 3.9; support for the old name will be dropped in 3.11.
  ax1.boxplot([correct_list, error_list], labels=['correct', 'error'])
Mann-Whitney U检验：U值=85720878.000, p值=0.000
效应量r：0.760
============================================================
feature_name: iou_mean
feature sign: -1
/home/mml/workspace/data_debugging/yolov7/ours/discussion/features/box_features.py:132: MatplotlibDeprecationWarning: The 'labels' parameter of boxplot() has been renamed 'tick_labels' since Matplotlib 3.9; support for the old name will be dropped in 3.11.
  ax1.boxplot([correct_list, error_list], labels=['correct', 'error'])
Mann-Whitney U检验：U值=85946079.000, p值=0.000
效应量r：0.764
============================================================
feature_name: D_conf
feature sign: 1
/home/mml/workspace/data_debugging/yolov7/ours/discussion/features/box_features.py:132: MatplotlibDeprecationWarning: The 'labels' parameter of boxplot() has been renamed 'tick_labels' since Matplotlib 3.9; support for the old name will be dropped in 3.11.
  ax1.boxplot([correct_list, error_list], labels=['correct', 'error'])
Mann-Whitney U检验：U值=4527467.500, p值=0.000
效应量r：0.712
============================================================
feature_name: D_iou
feature sign: 1
/home/mml/workspace/data_debugging/yolov7/ours/discussion/features/box_features.py:132: MatplotlibDeprecationWarning: The 'labels' parameter of boxplot() has been renamed 'tick_labels' since Matplotlib 3.9; support for the old name will be dropped in 3.11.
  ax1.boxplot([correct_list, error_list], labels=['correct', 'error'])
Mann-Whitney U检验：U值=4071763.000, p值=0.000
效应量r：0.720
