matched gt_box数量:189722
all gbox数量:343203
matched gbox数量:189722
============================================================
feature_name: early_conf_mean
feature sign: -1
/home/mml/workspace/data_debugging/yolov7/ours/discussion/features/box_features.py:132: MatplotlibDeprecationWarning: The 'labels' parameter of boxplot() has been renamed 'tick_labels' since Matplotlib 3.9; support for the old name will be dropped in 3.11.
  ax1.boxplot([correct_list, error_list], labels=['correct', 'error'])
Mann-Whitney U检验：U值=19685955531.500, p值=0.000
效应量r：0.470
============================================================
feature_name: early_iou_mean
feature sign: -1
/home/mml/workspace/data_debugging/yolov7/ours/discussion/features/box_features.py:132: MatplotlibDeprecationWarning: The 'labels' parameter of boxplot() has been renamed 'tick_labels' since Matplotlib 3.9; support for the old name will be dropped in 3.11.
  ax1.boxplot([correct_list, error_list], labels=['correct', 'error'])
Mann-Whitney U检验：U值=19731346520.000, p值=0.000
效应量r：0.473
============================================================
feature_name: lastly_conf_mean
feature sign: -1
/home/mml/workspace/data_debugging/yolov7/ours/discussion/features/box_features.py:132: MatplotlibDeprecationWarning: The 'labels' parameter of boxplot() has been renamed 'tick_labels' since Matplotlib 3.9; support for the old name will be dropped in 3.11.
  ax1.boxplot([correct_list, error_list], labels=['correct', 'error'])
Mann-Whitney U检验：U值=20826560312.500, p值=0.000
效应量r：0.543
============================================================
feature_name: lastly_iou_mean
feature sign: -1
/home/mml/workspace/data_debugging/yolov7/ours/discussion/features/box_features.py:132: MatplotlibDeprecationWarning: The 'labels' parameter of boxplot() has been renamed 'tick_labels' since Matplotlib 3.9; support for the old name will be dropped in 3.11.
  ax1.boxplot([correct_list, error_list], labels=['correct', 'error'])
Mann-Whitney U检验：U值=20868504358.000, p值=0.000
效应量r：0.546
============================================================
feature_name: conf_mean
feature sign: -1
/home/mml/workspace/data_debugging/yolov7/ours/discussion/features/box_features.py:132: MatplotlibDeprecationWarning: The 'labels' parameter of boxplot() has been renamed 'tick_labels' since Matplotlib 3.9; support for the old name will be dropped in 3.11.
  ax1.boxplot([correct_list, error_list], labels=['correct', 'error'])
Mann-Whitney U检验：U值=21239624935.000, p值=0.000
效应量r：0.569
============================================================
feature_name: iou_mean
feature sign: -1
/home/mml/workspace/data_debugging/yolov7/ours/discussion/features/box_features.py:132: MatplotlibDeprecationWarning: The 'labels' parameter of boxplot() has been renamed 'tick_labels' since Matplotlib 3.9; support for the old name will be dropped in 3.11.
  ax1.boxplot([correct_list, error_list], labels=['correct', 'error'])
Mann-Whitney U检验：U值=21289240316.000, p值=0.000
效应量r：0.573
============================================================
feature_name: D_conf
feature sign: 1
/home/mml/workspace/data_debugging/yolov7/ours/discussion/features/box_features.py:132: MatplotlibDeprecationWarning: The 'labels' parameter of boxplot() has been renamed 'tick_labels' since Matplotlib 3.9; support for the old name will be dropped in 3.11.
  ax1.boxplot([correct_list, error_list], labels=['correct', 'error'])
Mann-Whitney U检验：U值=3927662573.000, p值=0.000
效应量r：0.542
============================================================
feature_name: D_iou
feature sign: 1
/home/mml/workspace/data_debugging/yolov7/ours/discussion/features/box_features.py:132: MatplotlibDeprecationWarning: The 'labels' parameter of boxplot() has been renamed 'tick_labels' since Matplotlib 3.9; support for the old name will be dropped in 3.11.
  ax1.boxplot([correct_list, error_list], labels=['correct', 'error'])
Mann-Whitney U检验：U值=3910493774.500, p值=0.000
效应量r：0.543
